<?xml version="1.0" encoding="UTF-8"?>
<beans xmlns="http://www.springframework.org/schema/beans"
	xmlns:xsi="http://www.w3.org/2001/XMLSchema-instance"
	xmlns:mvc="http://www.springframework.org/schema/mvc"
	xmlns:context="http://www.springframework.org/schema/context"
	xsi:schemaLocation="		
		http://www.springframework.org/schema/beans
		http://www.springframework.org/schema/beans/spring-beans.xsd
		http://www.springframework.org/schema/mvc
		http://www.springframework.org/schema/mvc/spring-mvc.xsd
		http://www.springframework.org/schema/context
		http://www.springframework.org/schema/context/spring-context.xsd">

	<!-- Defines this servlet's request-processing infrastructure -->
	<context:component-scan base-package="jp.sample.bookmgr.web" />
	
	<!-- Enables the Spring MVC @Controller programming model -->
	<mvc:annotation-driven validator="validator" />

	<!-- Resource mappings -->
	<mvc:resources mapping="/resources/**" location="/resources/" />
	<mvc:resources mapping="/css/**" location="/css/" />
	
	<!-- Resolves views selected for rendering by @Controllers to .jsp resources in the /WEB-INF/views directory -->
	<bean class="org.springframework.web.servlet.view.InternalResourceViewResolver">
		<property name="prefix" value="/WEB-INF/views/" />
		<property name="suffix" value=".jsp" />
	</bean>

	<!-- Exception Handler -->
	<bean class="org.springframework.web.servlet.handler.SimpleMappingExceptionResolver">
		<property name="exceptionMappings">
			<props>
				<!-- 必要に応じて prop を追加すること -->
				<prop key="org.springframework.dao.DataAccessException">error/dberror</prop>
				<prop key="java.lang.Exception">error/syserror</prop>
			</props>
		</property>
	</bean>

</beans>